Arguments: 
  /usr/local/Cellar/node/8.9.1/bin/node /usr/local/bin/yarn build

PATH: 
  /usr/bin:/bin:/usr/sbin:/sbin:/usr/local/bin

Yarn version: 
  1.5.1

Node version: 
  8.9.1

Platform: 
  darwin x64

npm manifest: 
  {
    "name": "nytreact",
    "version": "1.0.0",
    "description": "Utilizing React to display articles based on user searches.",
    "main": "index.js",
    "scripts": {
      "test": "echo \"Error: no test specified\" && exit 1"
    },
    "repository": {
      "type": "git",
      "url": "git+https://github.com/Atilla20/nytreact.git"
    },
    "author": "Anna Tillack",
    "license": "ISC",
    "bugs": {
      "url": "https://github.com/Atilla20/nytreact/issues"
    },
    "homepage": "https://github.com/Atilla20/nytreact#readme"
  }

yarn manifest: 
  No manifest

Lockfile: 
  No lockfile

Trace: 
  Error: Command "build" not found.
      at new MessageError (/usr/local/lib/node_modules/yarn/lib/cli.js:186:110)
      at /usr/local/lib/node_modules/yarn/lib/cli.js:87307:17
      at Generator.next (<anonymous>)
      at step (/usr/local/lib/node_modules/yarn/lib/cli.js:98:30)
      at /usr/local/lib/node_modules/yarn/lib/cli.js:116:14
      at new Promise (<anonymous>)
      at new F (/usr/local/lib/node_modules/yarn/lib/cli.js:23451:28)
      at /usr/local/lib/node_modules/yarn/lib/cli.js:95:12
      at runCommand (/usr/local/lib/node_modules/yarn/lib/cli.js:87312:22)
      at Object.<anonymous> (/usr/local/lib/node_modules/yarn/lib/cli.js:87412:14)
